<?xml version="1.0" encoding="UTF-8"?>
<!-- Generated by org.testng.reporters.JUnitReportReporter -->
<testsuite hostname="DESKTOP-88BCUOE" failures="0" tests="1" name="avactis.testproject.RegistrationTest" time="10.058" errors="0" timestamp="2022-04-21T16:34:42 IST" skipped="0">
  <testcase classname="avactis.testproject.RegistrationTest" name="register" time="10.058"/>
  <system-out/>
</testsuite> <!-- avactis.testproject.RegistrationTest -->
