<?xml version="1.0" encoding="UTF-8"?>
<!-- Generated by org.testng.reporters.JUnitReportReporter -->
<testsuite hostname="DESKTOP-88BCUOE" failures="0" tests="1" name="avactis.testproject.RegistrationTest" time="9.933" errors="0" timestamp="2022-04-20T14:22:33 IST" skipped="0">
  <testcase classname="avactis.testproject.RegistrationTest" name="register" time="9.933"/>
  <system-out/>
</testsuite> <!-- avactis.testproject.RegistrationTest -->
